1010000000000000000000000000000000000000000000000000000000000000000000
0000000000000000010000000000000000000000110000000000000001000000000100
0000000001100000000001000000000000000000000000000000000000000000000001
0100100000000000000000100000000000000000000010000000000000000000000000
0000010000000001000000000000000000000000000001000000000000000000000000
0000000001100000000001000000000000000000000000000000000000000000000001
0000000000000110000000000010000000000100000100100000100000010000000000
0000000100010000000000001001000000000000000000000001001000000000000000
0000000000000110000000000010000000000100000100100000100000010000000000
0000000001100000000001000000000000000000000000000000000000000000000001
0000010000000001000000000000000000000000000001000000000000000000000000
0000000000000110000000000010000000000100000100100000100000010000000000
0000000000000000010000000000000000000000110000000000000001000000000100
0000000000000000001000000100000000000010000000000000000100000000000000
0000000000000000000100000000000110000000000000010000000000000000101000
0000000000000000000010000000000000000000000000000000000010000000000000
0000000001100000000001000000000000000000000000000000000000000000000001
0100100000000000000000100000000000000000000010000000000000000000000000
0000000000001000000000010000000000000000000000000110000000000000000000
0000000100010000000000001001000000000000000000000001001000000000000000
0000000000000000001000000100000000000010000000000000000100000000000000
0000000000000110000000000010000000000100000100100000100000010000000000
0000000100010000000000001001000000000000000000000001001000000000000000
0000000010000000000000000000110000100000001000000000000000000100010010
0000000010000000000000000000110000100000001000000000000000000100010010
0000000000000000000000000000001000000000000000000000000000000000000000
0000000000000000000100000000000110000000000000010000000000000000101000
0000000000000000000100000000000110000000000000010000000000000000101000
0000000000000000000000000000000001000000000000000000000000001001000000
0000000010000000000000000000110000100000001000000000000000000100010010
0000001000000000000000000000000000010001000000001000010000000000000000
0000000000000000100000000000000000001000000000000000000000100010000000
0000000000000110000000000010000000000100000100100000100000010000000000
0000000000000000001000000100000000000010000000000000000100000000000000
0000001000000000000000000000000000010001000000001000010000000000000000
0000000000000000010000000000000000000000110000000000000001000000000100
0000000000000000010000000000000000000000110000000000000001000000000100
0000000010000000000000000000110000100000001000000000000000000100010010
0000000000000110000000000010000000000100000100100000100000010000000000
0100100000000000000000100000000000000000000010000000000000000000000000
0000010000000001000000000000000000000000000001000000000000000000000000
0000000000000110000000000010000000000100000100100000100000010000000000
0000000000000000000100000000000110000000000000010000000000000000101000
0000001000000000000000000000000000010001000000001000010000000000000000
0000000000001000000000010000000000000000000000000110000000000000000000
0000000000001000000000010000000000000000000000000110000000000000000000
0000000100010000000000001001000000000000000000000001001000000000000000
0000000000000110000000000010000000000100000100100000100000010000000000
0000001000000000000000000000000000010001000000001000010000000000000000
0000000100010000000000001001000000000000000000000001001000000000000000
0000000000000000001000000100000000000010000000000000000100000000000000
0000000000000000000010000000000000000000000000000000000010000000000000
0000000000000000010000000000000000000000110000000000000001000000000100
0000000000000000100000000000000000001000000000000000000000100010000000
0000000000000110000000000010000000000100000100100000100000010000000000
0000000000000000000000000000000001000000000000000000000000001001000000
0000000010000000000000000000110000100000001000000000000000000100010010
0000000000000000100000000000000000001000000000000000000000100010000000
0000000000000000000000000000000001000000000000000000000000001001000000
0000000000000000000100000000000110000000000000010000000000000000101000
0000000010000000000000000000110000100000001000000000000000000100010010
0000000000000000000100000000000110000000000000010000000000000000101000
0000000000000000010000000000000000000000110000000000000001000000000100
0000000010000000000000000000110000100000001000000000000000000100010010
0000000001100000000001000000000000000000000000000000000000000000000001
0000000000000000000100000000000110000000000000010000000000000000101000
0000000000000000010000000000000000000000110000000000000001000000000100
0000001000000000000000000000000000010001000000001000010000000000000000
0000000000000000100000000000000000001000000000000000000000100010000000
0000000100010000000000001001000000000000000000000001001000000000000000
